{"total": {"lines":{"total":1268,"covered":1110,"skipped":0,"pct":87.53},"statements":{"total":1482,"covered":1264,"skipped":0,"pct":85.29},"functions":{"total":218,"covered":182,"skipped":0,"pct":83.48},"branches":{"total":633,"covered":437,"skipped":0,"pct":69.03},"branchesTrue":{"total":0,"covered":0,"skipped":0,"pct":100}}
,"D:\\devel\\lwnoodle\\src\\client.ts": {"lines":{"total":94,"covered":80,"skipped":0,"pct":85.1},"functions":{"total":28,"covered":24,"skipped":0,"pct":85.71},"statements":{"total":112,"covered":94,"skipped":0,"pct":83.92},"branches":{"total":56,"covered":30,"skipped":0,"pct":53.57}}
,"D:\\devel\\lwnoodle\\src\\clientconnection.ts": {"lines":{"total":3,"covered":3,"skipped":0,"pct":100},"functions":{"total":1,"covered":1,"skipped":0,"pct":100},"statements":{"total":5,"covered":5,"skipped":0,"pct":100},"branches":{"total":0,"covered":0,"skipped":0,"pct":100}}
,"D:\\devel\\lwnoodle\\src\\common.ts": {"lines":{"total":17,"covered":12,"skipped":0,"pct":70.58},"functions":{"total":3,"covered":1,"skipped":0,"pct":33.33},"statements":{"total":23,"covered":17,"skipped":0,"pct":73.91},"branches":{"total":12,"covered":10,"skipped":0,"pct":83.33}}
,"D:\\devel\\lwnoodle\\src\\escaping.ts": {"lines":{"total":6,"covered":6,"skipped":0,"pct":100},"functions":{"total":2,"covered":2,"skipped":0,"pct":100},"statements":{"total":6,"covered":6,"skipped":0,"pct":100},"branches":{"total":0,"covered":0,"skipped":0,"pct":100}}
,"D:\\devel\\lwnoodle\\src\\index.ts": {"lines":{"total":2,"covered":2,"skipped":0,"pct":100},"functions":{"total":3,"covered":2,"skipped":0,"pct":66.66},"statements":{"total":5,"covered":5,"skipped":0,"pct":100},"branches":{"total":0,"covered":0,"skipped":0,"pct":100}}
,"D:\\devel\\lwnoodle\\src\\lwclient.ts": {"lines":{"total":254,"covered":224,"skipped":0,"pct":88.18},"functions":{"total":43,"covered":40,"skipped":0,"pct":93.02},"statements":{"total":311,"covered":271,"skipped":0,"pct":87.13},"branches":{"total":89,"covered":66,"skipped":0,"pct":74.15}}
,"D:\\devel\\lwnoodle\\src\\lwserver.ts": {"lines":{"total":202,"covered":184,"skipped":0,"pct":91.08},"functions":{"total":24,"covered":21,"skipped":0,"pct":87.5},"statements":{"total":219,"covered":192,"skipped":0,"pct":87.67},"branches":{"total":100,"covered":63,"skipped":0,"pct":63}}
,"D:\\devel\\lwnoodle\\src\\noodle.ts": {"lines":{"total":33,"covered":27,"skipped":0,"pct":81.81},"functions":{"total":4,"covered":4,"skipped":0,"pct":100},"statements":{"total":35,"covered":29,"skipped":0,"pct":82.85},"branches":{"total":17,"covered":10,"skipped":0,"pct":58.82}}
,"D:\\devel\\lwnoodle\\src\\server.ts": {"lines":{"total":269,"covered":251,"skipped":0,"pct":93.3},"functions":{"total":31,"covered":29,"skipped":0,"pct":93.54},"statements":{"total":332,"covered":292,"skipped":0,"pct":87.95},"branches":{"total":232,"covered":182,"skipped":0,"pct":78.44}}
,"D:\\devel\\lwnoodle\\src\\tcpclientconnection.ts": {"lines":{"total":97,"covered":77,"skipped":0,"pct":79.38},"functions":{"total":15,"covered":9,"skipped":0,"pct":60},"statements":{"total":108,"covered":81,"skipped":0,"pct":75},"branches":{"total":19,"covered":6,"skipped":0,"pct":31.57}}
,"D:\\devel\\lwnoodle\\src\\tcpserverconnection.ts": {"lines":{"total":79,"covered":60,"skipped":0,"pct":75.94},"functions":{"total":15,"covered":12,"skipped":0,"pct":80},"statements":{"total":88,"covered":66,"skipped":0,"pct":75},"branches":{"total":13,"covered":5,"skipped":0,"pct":38.46}}
,"D:\\devel\\lwnoodle\\src\\wsclientconnection.ts": {"lines":{"total":89,"covered":78,"skipped":0,"pct":87.64},"functions":{"total":17,"covered":13,"skipped":0,"pct":76.47},"statements":{"total":100,"covered":87,"skipped":0,"pct":87},"branches":{"total":44,"covered":26,"skipped":0,"pct":59.09}}
,"D:\\devel\\lwnoodle\\src\\wsserverconnection.ts": {"lines":{"total":100,"covered":87,"skipped":0,"pct":87},"functions":{"total":23,"covered":18,"skipped":0,"pct":78.26},"statements":{"total":112,"covered":98,"skipped":0,"pct":87.5},"branches":{"total":47,"covered":35,"skipped":0,"pct":74.46}}
,"D:\\devel\\lwnoodle\\src\\__tests__\\helpers.ts": {"lines":{"total":23,"covered":19,"skipped":0,"pct":82.6},"functions":{"total":9,"covered":6,"skipped":0,"pct":66.66},"statements":{"total":26,"covered":21,"skipped":0,"pct":80.76},"branches":{"total":4,"covered":4,"skipped":0,"pct":100}}
}
