{"total": {"lines":{"total":543,"covered":465,"skipped":0,"pct":85.63},"statements":{"total":644,"covered":542,"skipped":0,"pct":84.16},"functions":{"total":109,"covered":91,"skipped":0,"pct":83.48},"branches":{"total":170,"covered":116,"skipped":0,"pct":68.23},"branchesTrue":{"total":0,"covered":0,"skipped":0,"pct":100}}
,"D:\\devel\\lwnoodle\\src\\clientconnection.ts": {"lines":{"total":3,"covered":3,"skipped":0,"pct":100},"functions":{"total":1,"covered":1,"skipped":0,"pct":100},"statements":{"total":5,"covered":5,"skipped":0,"pct":100},"branches":{"total":0,"covered":0,"skipped":0,"pct":100}}
,"D:\\devel\\lwnoodle\\src\\index.ts": {"lines":{"total":78,"covered":73,"skipped":0,"pct":93.58},"functions":{"total":24,"covered":21,"skipped":0,"pct":87.5},"statements":{"total":92,"covered":85,"skipped":0,"pct":92.39},"branches":{"total":38,"covered":29,"skipped":0,"pct":76.31}}
,"D:\\devel\\lwnoodle\\src\\lw3client.ts": {"lines":{"total":267,"covered":237,"skipped":0,"pct":88.76},"functions":{"total":46,"covered":43,"skipped":0,"pct":93.47},"statements":{"total":329,"covered":288,"skipped":0,"pct":87.53},"branches":{"total":97,"covered":73,"skipped":0,"pct":75.25}}
,"D:\\devel\\lwnoodle\\src\\tcpclientconnection.ts": {"lines":{"total":97,"covered":77,"skipped":0,"pct":79.38},"functions":{"total":15,"covered":9,"skipped":0,"pct":60},"statements":{"total":108,"covered":81,"skipped":0,"pct":75},"branches":{"total":19,"covered":6,"skipped":0,"pct":31.57}}
,"D:\\devel\\lwnoodle\\src\\tcpserverconnection.ts": {"lines":{"total":76,"covered":57,"skipped":0,"pct":75},"functions":{"total":14,"covered":11,"skipped":0,"pct":78.57},"statements":{"total":85,"covered":63,"skipped":0,"pct":74.11},"branches":{"total":12,"covered":4,"skipped":0,"pct":33.33}}
,"D:\\devel\\lwnoodle\\src\\__tests__\\helpers.ts": {"lines":{"total":22,"covered":18,"skipped":0,"pct":81.81},"functions":{"total":9,"covered":6,"skipped":0,"pct":66.66},"statements":{"total":25,"covered":20,"skipped":0,"pct":80},"branches":{"total":4,"covered":4,"skipped":0,"pct":100}}
}
