TN:
SF:src/clientconnection.ts
FN:3,(anonymous_6)
FNF:1
FNH:1
FNDA:11,(anonymous_6)
DA:1,3
DA:3,3
DA:10,3
LF:3
LH:3
BRF:0
BRH:0
end_of_record
TN:
SF:src/index.ts
FN:26,(anonymous_13)
FN:37,(anonymous_14)
FN:41,(anonymous_17)
FN:44,(anonymous_18)
FN:49,(anonymous_19)
FNF:5
FNH:3
FNDA:1,(anonymous_13)
FNDA:0,(anonymous_14)
FNDA:3,(anonymous_17)
FNDA:1,(anonymous_18)
FNDA:0,(anonymous_19)
DA:1,1
DA:2,1
DA:26,2
DA:27,1
DA:28,1
DA:29,1
DA:30,1
DA:36,1
DA:42,3
DA:43,1
DA:44,1
DA:45,1
DA:50,0
LF:13
LH:12
BRDA:26,0,0,1
BRDA:27,1,0,1
BRDA:27,1,1,1
BRDA:28,2,0,1
BRDA:28,2,1,1
BRDA:29,3,0,1
BRDA:29,3,1,1
BRDA:31,4,0,1
BRDA:31,4,1,1
BRDA:32,5,0,1
BRDA:32,5,1,1
BRDA:42,6,0,2
BRDA:43,7,0,1
BRF:13
BRH:13
end_of_record
TN:
SF:src/lw3client.ts
FN:19,(anonymous_6)
FN:62,Lw3Client
FN:31,(anonymous_8)
FN:48,(anonymous_9)
FN:57,(anonymous_10)
FN:79,(anonymous_11)
FN:84,(anonymous_12)
FN:89,(anonymous_13)
FN:98,(anonymous_14)
FN:106,(anonymous_15)
FN:120,(anonymous_16)
FN:141,(anonymous_17)
FN:154,(anonymous_18)
FN:166,(anonymous_19)
FN:190,(anonymous_20)
FN:193,(anonymous_21)
FN:194,(anonymous_22)
FN:206,(anonymous_23)
FN:209,(anonymous_24)
FN:210,error
FN:214,(anonymous_26)
FN:243,(anonymous_27)
FN:245,(anonymous_28)
FN:246,error
FN:251,(anonymous_30)
FN:290,(anonymous_31)
FN:300,(anonymous_32)
FN:302,(anonymous_33)
FN:321,(anonymous_34)
FNF:29
FNH:19
FNDA:2,(anonymous_6)
FNDA:3,Lw3Client
FNDA:12,(anonymous_8)
FNDA:20,(anonymous_9)
FNDA:12,(anonymous_10)
FNDA:0,(anonymous_11)
FNDA:2,(anonymous_12)
FNDA:2,(anonymous_13)
FNDA:0,(anonymous_14)
FNDA:17,(anonymous_15)
FNDA:54,(anonymous_16)
FNDA:0,(anonymous_17)
FNDA:0,(anonymous_18)
FNDA:17,(anonymous_19)
FNDA:0,(anonymous_20)
FNDA:0,(anonymous_21)
FNDA:0,(anonymous_22)
FNDA:7,(anonymous_23)
FNDA:7,(anonymous_24)
FNDA:4,error
FNDA:7,(anonymous_26)
FNDA:10,(anonymous_27)
FNDA:10,(anonymous_28)
FNDA:4,error
FNDA:10,(anonymous_30)
FNDA:0,(anonymous_31)
FNDA:0,(anonymous_32)
FNDA:0,(anonymous_33)
FNDA:3,(anonymous_34)
DA:2,2
DA:3,2
DA:4,2
DA:19,2
DA:31,2
DA:33,12
DA:34,7
DA:35,6
DA:36,4
DA:37,1
DA:38,1
DA:39,6
DA:40,3
DA:41,9
DA:48,2
DA:49,20
DA:50,20
DA:57,2
DA:58,12
DA:59,12
DA:62,5
DA:63,3
DA:64,3
DA:65,3
DA:66,3
DA:67,3
DA:68,3
DA:69,3
DA:70,3
DA:71,3
DA:72,3
DA:73,3
DA:74,3
DA:75,3
DA:76,3
DA:79,2
DA:80,0
DA:81,0
DA:84,2
DA:85,2
DA:86,2
DA:89,2
DA:90,2
DA:91,2
DA:92,2
DA:93,2
DA:94,2
DA:95,2
DA:96,2
DA:97,2
DA:98,2
DA:99,0
DA:100,0
DA:101,0
DA:106,2
DA:107,17
DA:108,17
DA:109,17
DA:110,17
DA:111,17
DA:112,17
DA:113,17
DA:120,2
DA:121,54
DA:122,51
DA:123,51
DA:124,51
DA:125,17
DA:126,17
DA:127,17
DA:129,0
DA:131,34
DA:132,17
DA:133,17
DA:134,17
DA:136,17
DA:141,2
DA:143,0
DA:144,0
DA:145,0
DA:146,0
DA:147,0
DA:149,0
DA:150,0
DA:151,0
DA:152,0
DA:154,0
DA:155,0
DA:156,0
DA:157,0
DA:158,0
DA:166,2
DA:167,17
DA:168,17
DA:169,17
DA:170,17
DA:171,17
DA:172,0
DA:173,0
DA:174,0
DA:175,0
DA:178,17
DA:179,17
DA:181,0
DA:190,2
DA:191,0
DA:193,0
DA:194,0
DA:195,0
DA:206,7
DA:207,7
DA:209,7
DA:211,4
DA:212,4
DA:214,7
DA:215,7
DA:216,1
DA:217,1
DA:218,6
DA:219,1
DA:220,1
DA:222,5
DA:223,0
DA:224,0
DA:226,5
DA:227,5
DA:228,0
DA:229,0
DA:231,5
DA:232,2
DA:233,1
DA:243,10
DA:244,10
DA:245,10
DA:247,4
DA:248,4
DA:250,10
DA:251,10
DA:252,10
DA:253,1
DA:254,1
DA:255,9
DA:256,1
DA:257,1
DA:259,8
DA:260,0
DA:261,0
DA:263,8
DA:264,8
DA:265,0
DA:266,0
DA:268,8
DA:269,1
DA:270,1
DA:272,7
DA:273,7
DA:274,1
DA:275,1
DA:277,6
DA:290,2
DA:297,0
DA:298,0
DA:299,0
DA:300,0
DA:301,0
DA:302,0
DA:303,0
DA:304,0
DA:305,0
DA:306,0
DA:308,0
DA:309,0
DA:312,0
DA:313,0
DA:321,2
DA:322,3
DA:324,2
LF:177
LH:126
BRDA:62,0,0,2
BRDA:63,1,0,3
BRDA:63,1,1,3
BRDA:33,2,0,5
BRDA:33,2,1,7
BRDA:34,3,0,1
BRDA:34,3,1,6
BRDA:35,4,0,2
BRDA:35,4,1,4
BRDA:36,5,0,1
BRDA:36,5,1,3
BRDA:38,6,0,0
BRDA:99,7,0,0
BRDA:107,8,0,0
BRDA:111,9,0,17
BRDA:111,9,1,17
BRDA:121,10,0,3
BRDA:123,11,0,0
BRDA:123,11,1,51
BRDA:124,12,0,17
BRDA:124,12,1,34
BRDA:125,13,0,17
BRDA:125,13,1,0
BRDA:131,14,0,17
BRDA:131,14,1,17
BRDA:145,15,0,0
BRDA:155,16,0,0
BRDA:156,17,0,0
BRDA:156,18,0,0
BRDA:156,18,1,0
BRDA:156,18,2,0
BRDA:157,19,0,0
BRDA:157,20,0,0
BRDA:157,20,1,0
BRDA:168,21,0,17
BRDA:171,22,0,0
BRDA:172,23,0,0
BRDA:178,24,0,17
BRDA:195,25,0,0
BRDA:195,25,1,0
BRDA:215,26,0,1
BRDA:215,26,1,6
BRDA:218,27,0,1
BRDA:222,28,0,0
BRDA:227,29,0,0
BRDA:231,30,0,3
BRDA:231,30,1,2
BRDA:232,31,0,1
BRDA:232,31,1,1
BRDA:250,32,0,0
BRDA:252,33,0,1
BRDA:252,33,1,9
BRDA:255,34,0,1
BRDA:259,35,0,0
BRDA:264,36,0,0
BRDA:268,37,0,1
BRDA:273,38,0,1
BRDA:297,39,0,0
BRDA:299,40,0,0
BRDA:301,41,0,0
BRDA:301,41,1,0
BRDA:303,42,0,0
BRDA:303,43,0,0
BRDA:303,43,1,0
BRF:64
BRH:34
end_of_record
TN:
SF:src/tcpclientconnection.ts
FN:18,(anonymous_6)
FN:31,TcpClientConnection
FN:52,(anonymous_8)
FN:59,(anonymous_9)
FN:64,(anonymous_10)
FN:73,(anonymous_11)
FN:82,(anonymous_12)
FN:96,(anonymous_13)
FN:113,(anonymous_14)
FN:127,(anonymous_15)
FN:143,(anonymous_16)
FN:151,(anonymous_17)
FN:158,(anonymous_18)
FN:165,(anonymous_19)
FN:177,(anonymous_20)
FNF:15
FNH:9
FNDA:3,(anonymous_6)
FNDA:8,TcpClientConnection
FNDA:0,(anonymous_8)
FNDA:0,(anonymous_9)
FNDA:7,(anonymous_10)
FNDA:7,(anonymous_11)
FNDA:0,(anonymous_12)
FNDA:18,(anonymous_13)
FNDA:8,(anonymous_14)
FNDA:19,(anonymous_15)
FNDA:0,(anonymous_16)
FNDA:0,(anonymous_17)
FNDA:18,(anonymous_18)
FNDA:8,(anonymous_19)
FNDA:0,(anonymous_20)
DA:1,3
DA:2,3
DA:3,3
DA:4,3
DA:18,3
DA:31,10
DA:32,8
DA:33,8
DA:34,8
DA:35,8
DA:36,8
DA:37,8
DA:38,8
DA:39,8
DA:40,8
DA:41,8
DA:42,8
DA:43,8
DA:44,8
DA:45,8
DA:46,8
DA:47,8
DA:48,8
DA:49,8
DA:50,8
DA:51,8
DA:52,8
DA:55,8
DA:56,8
DA:59,3
DA:60,0
DA:61,0
DA:64,3
DA:65,7
DA:66,7
DA:67,7
DA:68,7
DA:69,7
DA:70,7
DA:73,3
DA:74,7
DA:75,7
DA:76,7
DA:77,7
DA:78,7
DA:79,7
DA:82,3
DA:83,0
DA:84,0
DA:85,0
DA:86,0
DA:87,0
DA:88,0
DA:89,0
DA:90,0
DA:91,0
DA:96,3
DA:97,18
DA:98,18
DA:99,18
DA:100,56
DA:101,56
DA:103,18
DA:104,18
DA:105,0
DA:106,0
DA:113,3
DA:114,8
DA:115,8
DA:116,8
DA:117,8
DA:118,8
DA:127,3
DA:128,19
DA:129,19
DA:130,19
DA:131,19
DA:132,19
DA:134,0
DA:135,0
DA:143,3
DA:144,0
DA:151,3
DA:152,0
DA:158,3
DA:159,18
DA:165,3
DA:166,8
DA:167,8
DA:168,8
DA:169,7
DA:170,7
DA:177,3
DA:178,0
DA:179,0
DA:180,0
DA:183,3
LF:97
LH:77
BRDA:31,0,0,2
BRDA:31,1,0,2
BRDA:32,2,0,8
BRDA:32,2,1,0
BRDA:61,3,0,0
BRDA:69,4,0,0
BRDA:88,5,0,0
BRDA:104,6,0,0
BRDA:114,7,0,0
BRDA:115,8,0,8
BRDA:128,9,0,0
BRDA:129,10,0,19
BRDA:129,10,1,0
BRDA:130,11,0,0
BRDA:132,12,0,0
BRDA:134,13,0,0
BRDA:134,13,1,0
BRDA:168,14,0,7
BRDA:178,15,0,0
BRF:19
BRH:6
end_of_record
TN:
SF:src/tcpserverconnection.ts
FN:13,(anonymous_6)
FN:19,TcpServerConnection
FN:32,(anonymous_8)
FN:37,(anonymous_9)
FN:42,(anonymous_10)
FN:47,(anonymous_11)
FN:57,(anonymous_12)
FN:62,(anonymous_13)
FN:66,(anonymous_14)
FN:79,(anonymous_15)
FN:106,(anonymous_16)
FN:122,(anonymous_17)
FN:127,(anonymous_18)
FNF:13
FNH:10
FNDA:2,(anonymous_6)
FNDA:5,TcpServerConnection
FNDA:5,(anonymous_8)
FNDA:5,(anonymous_9)
FNDA:0,(anonymous_10)
FNDA:7,(anonymous_11)
FNDA:7,(anonymous_12)
FNDA:0,(anonymous_13)
FNDA:0,(anonymous_14)
FNDA:18,(anonymous_15)
FNDA:19,(anonymous_16)
FNDA:5,(anonymous_17)
FNDA:5,(anonymous_18)
DA:1,2
DA:2,2
DA:3,2
DA:4,2
DA:13,2
DA:20,5
DA:21,5
DA:22,5
DA:23,5
DA:24,5
DA:25,5
DA:26,5
DA:27,5
DA:28,5
DA:29,5
DA:32,2
DA:33,5
DA:34,5
DA:37,2
DA:38,5
DA:39,5
DA:42,2
DA:43,0
DA:44,0
DA:47,7
DA:48,7
DA:49,7
DA:50,7
DA:51,7
DA:57,7
DA:58,7
DA:59,7
DA:60,7
DA:62,7
DA:63,0
DA:64,0
DA:66,7
DA:67,0
DA:68,0
DA:69,0
DA:70,0
DA:71,0
DA:72,0
DA:73,0
DA:74,0
DA:75,0
DA:79,7
DA:80,18
DA:81,18
DA:82,18
DA:83,19
DA:84,19
DA:86,18
DA:87,18
DA:88,0
DA:89,0
DA:97,7
DA:106,2
DA:107,19
DA:108,0
DA:109,0
DA:111,19
DA:112,19
DA:113,19
DA:114,19
DA:116,0
DA:117,0
DA:118,0
DA:122,2
DA:123,5
DA:124,5
DA:127,2
DA:128,5
DA:130,2
LF:74
LH:54
BRDA:20,0,0,5
BRDA:20,0,1,5
BRDA:72,1,0,0
BRDA:87,2,0,0
BRDA:107,3,0,0
BRDA:111,4,0,19
BRDA:111,4,1,0
BRDA:112,5,0,0
BRDA:114,6,0,0
BRDA:116,7,0,0
BRDA:116,7,1,0
BRF:11
BRH:3
end_of_record
TN:
SF:src/__tests__/helpers.ts
FN:11,waitForAnEvent
FN:18,(anonymous_16)
FN:19,(anonymous_17)
FN:24,(anonymous_18)
FN:34,sleep
FN:35,(anonymous_20)
FNF:6
FNH:5
FNDA:23,waitForAnEvent
FNDA:23,(anonymous_16)
FNDA:0,(anonymous_17)
FNDA:25,(anonymous_18)
FNDA:6,sleep
FNDA:6,(anonymous_20)
DA:11,2
DA:15,44
DA:16,46
DA:18,23
DA:19,23
DA:20,0
DA:21,0
DA:22,0
DA:24,23
DA:25,25
DA:26,23
DA:27,23
DA:28,23
DA:34,2
DA:35,6
LF:15
LH:12
BRDA:15,0,0,21
BRDA:16,1,0,23
BRDA:25,2,0,23
BRF:3
BRH:3
end_of_record
